openCVTutorial3CameraControl/build/outputs/logs/manifest-merger-debug-report.txt
-- Merging decision tree log ---
manifest
ADDED from AndroidManifest.xml:2:1
	package
		ADDED from AndroidManifest.xml:3:11
		INJECTED from AndroidManifest.xml:0:0
		INJECTED from AndroidManifest.xml:0:0
	android:versionName
		INJECTED from AndroidManifest.xml:0:0
		INJECTED from AndroidManifest.xml:0:0
	xmlns:android
		ADDED from AndroidManifest.xml:2:11
	android:versionCode
		INJECTED from AndroidManifest.xml:0:0
		INJECTED from AndroidManifest.xml:0:0
application
ADDED from AndroidManifest.xml:5:5
MERGED from com.android.support:appcompat-v7:21.0.3:16:5
MERGED from com.android.support:support-v4:21.0.3:16:5
	android:label
		ADDED from AndroidManifest.xml:7:9
	android:allowBackup
		ADDED from AndroidManifest.xml:6:9
	android:icon
		ADDED from AndroidManifest.xml:8:9
	android:largeHeap
		ADDED from AndroidManifest.xml:9:9
	android:theme
		ADDED from AndroidManifest.xml:10:9
activity#org.opencv.samples.tutorial3.activities.MainActivity
ADDED from AndroidManifest.xml:12:9
	android:label
		ADDED from AndroidManifest.xml:14:13
	android:name
		ADDED from AndroidManifest.xml:13:13
intent-filter#android.intent.action.MAIN+android.intent.category.LAUNCHER
ADDED from AndroidManifest.xml:15:13
action#android.intent.action.MAIN
ADDED from AndroidManifest.xml:16:17
	android:name
		ADDED from AndroidManifest.xml:16:25
category#android.intent.category.LAUNCHER
ADDED from AndroidManifest.xml:17:17
	android:name
		ADDED from AndroidManifest.xml:17:27
activity#org.opencv.samples.tutorial3.activities.MenuActivity
ADDED from AndroidManifest.xml:20:9
	android:label
		ADDED from AndroidManifest.xml:22:13
	android:parentActivityName
		ADDED from AndroidManifest.xml:23:13
	android:name
		ADDED from AndroidManifest.xml:21:13
meta-data#android.support.PARENT_ACTIVITY
ADDED from AndroidManifest.xml:24:13
	android:value
		ADDED from AndroidManifest.xml:26:17
	android:name
		ADDED from AndroidManifest.xml:25:17
activity#org.opencv.samples.tutorial3.activities.Tutorial3Activity
ADDED from AndroidManifest.xml:28:9
	android:screenOrientation
		ADDED from AndroidManifest.xml:31:13
	android:label
		ADDED from AndroidManifest.xml:30:13
	android:parentActivityName
		ADDED from AndroidManifest.xml:33:13
	android:configChanges
		ADDED from AndroidManifest.xml:32:13
	android:name
		ADDED from AndroidManifest.xml:29:13
supports-screens
ADDED from AndroidManifest.xml:40:5
	android:largeScreens
		ADDED from AndroidManifest.xml:43:23
	android:smallScreens
		ADDED from AndroidManifest.xml:41:23
	android:normalScreens
		ADDED from AndroidManifest.xml:42:23
	android:resizeable
		ADDED from AndroidManifest.xml:40:23
	android:anyDensity
		ADDED from AndroidManifest.xml:44:23
uses-sdk
ADDED from AndroidManifest.xml:46:5
MERGED from com.android.support:appcompat-v7:21.0.3:15:5
MERGED from com.android.support:support-v4:21.0.3:15:5
MERGED from read4me:openCVLibrary2410:unspecified:7:5
	android:targetSdkVersion
		ADDED from AndroidManifest.xml:48:9
		INJECTED from AndroidManifest.xml:0:0
		INJECTED from AndroidManifest.xml:0:0
	android:minSdkVersion
		ADDED from AndroidManifest.xml:47:9
		INJECTED from AndroidManifest.xml:0:0
		INJECTED from AndroidManifest.xml:0:0
uses-permission#android.permission.CAMERA
ADDED from AndroidManifest.xml:50:5
	android:name
		ADDED from AndroidManifest.xml:50:22
uses-feature#android.hardware.camera
ADDED from AndroidManifest.xml:52:5
	android:required
		ADDED from AndroidManifest.xml:52:58
	android:name
		ADDED from AndroidManifest.xml:52:19
uses-feature#android.hardware.camera.autofocus
ADDED from AndroidManifest.xml:53:5
	android:required
		ADDED from AndroidManifest.xml:53:68
	android:name
		ADDED from AndroidManifest.xml:53:19
uses-feature#android.hardware.camera.front
ADDED from AndroidManifest.xml:54:5
	android:required
		ADDED from AndroidManifest.xml:54:64
	android:name
		ADDED from AndroidManifest.xml:54:19
uses-feature#android.hardware.camera.front.autofocus
ADDED from AndroidManifest.xml:55:5
	android:required
		ADDED from AndroidManifest.xml:55:74
	android:name
		ADDED from AndroidManifest.xml:55:19
uses-permission#android.permission.WRITE_EXTERNAL_STORAGE
ADDED from AndroidManifest.xml:56:5
	android:name
		ADDED from AndroidManifest.xml:56:22
uses-permission#android.permission.READ_PHONE_STATE
ADDED from AndroidManifest.xml:58:5
	android:name
		ADDED from AndroidManifest.xml:58:22